<?xml version="1.0" encoding="UTF-8"?>
<!-- Generated by org.testng.reporters.JUnitXMLReporter -->
<testsuite ignored="32" hostname="DESKTOP-FEBC6QF" failures="1" tests="1" name="Default test" time="4.294" errors="0" timestamp="2022-11-16T17:37:29 IST">
  <testcase classname="com.dt.api.Auth.Auth_PropertyViewer" name="testUpdateUD_PV" time="3.597">
    <failure type="java.lang.AssertionError" message="1 expectation failed.
Expected status code &amp;lt;400&amp;gt; but was &amp;lt;200&amp;gt;.
">
      <![CDATA[java.lang.AssertionError: 1 expectation failed.
Expected status code <400> but was <200>.

at java.base/jdk.internal.reflect.DirectConstructorHandleAccessor.newInstance(DirectConstructorHandleAccessor.java:67)
at java.base/java.lang.reflect.Constructor.newInstanceWithCaller(Constructor.java:500)
at java.base/java.lang.reflect.Constructor.newInstance(Constructor.java:484)
at org.codehaus.groovy.reflection.CachedConstructor.invoke(CachedConstructor.java:72)
at org.codehaus.groovy.runtime.callsite.ConstructorSite$ConstructorSiteNoUnwrapNoCoerce.callConstructor(ConstructorSite.java:105)
at org.codehaus.groovy.runtime.callsite.CallSiteArray.defaultCallConstructor(CallSiteArray.java:59)
at org.codehaus.groovy.runtime.callsite.AbstractCallSite.callConstructor(AbstractCallSite.java:263)
at org.codehaus.groovy.runtime.callsite.AbstractCallSite.callConstructor(AbstractCallSite.java:277)
at io.restassured.internal.ResponseSpecificationImpl$HamcrestAssertionClosure.validate(ResponseSpecificationImpl.groovy:499)
at io.restassured.internal.ResponseSpecificationImpl$HamcrestAssertionClosure$validate$1.call(Unknown Source)
at org.codehaus.groovy.runtime.callsite.CallSiteArray.defaultCall(CallSiteArray.java:47)
at org.codehaus.groovy.runtime.callsite.AbstractCallSite.call(AbstractCallSite.java:125)
at org.codehaus.groovy.runtime.callsite.AbstractCallSite.call(AbstractCallSite.java:139)
at io.restassured.internal.ResponseSpecificationImpl.validateResponseIfRequired(ResponseSpecificationImpl.groovy:684)
at java.base/jdk.internal.reflect.DirectMethodHandleAccessor.invoke(DirectMethodHandleAccessor.java:104)
at java.base/java.lang.reflect.Method.invoke(Method.java:578)
at org.codehaus.groovy.runtime.callsite.PlainObjectMetaMethodSite.doInvoke(PlainObjectMetaMethodSite.java:43)
at org.codehaus.groovy.runtime.callsite.PogoMetaMethodSite$PogoCachedMethodSiteNoUnwrapNoCoerce.invoke(PogoMetaMethodSite.java:193)
at org.codehaus.groovy.runtime.callsite.PogoMetaMethodSite.callCurrent(PogoMetaMethodSite.java:61)
at org.codehaus.groovy.runtime.callsite.CallSiteArray.defaultCallCurrent(CallSiteArray.java:51)
at org.codehaus.groovy.runtime.callsite.AbstractCallSite.callCurrent(AbstractCallSite.java:171)
at org.codehaus.groovy.runtime.callsite.AbstractCallSite.callCurrent(AbstractCallSite.java:185)
at io.restassured.internal.ResponseSpecificationImpl.statusCode(ResponseSpecificationImpl.groovy:127)
at io.restassured.specification.ResponseSpecification$statusCode$0.callCurrent(Unknown Source)
at org.codehaus.groovy.runtime.callsite.CallSiteArray.defaultCallCurrent(CallSiteArray.java:51)
at org.codehaus.groovy.runtime.callsite.AbstractCallSite.callCurrent(AbstractCallSite.java:171)
at org.codehaus.groovy.runtime.callsite.AbstractCallSite.callCurrent(AbstractCallSite.java:185)
at io.restassured.internal.ResponseSpecificationImpl.statusCode(ResponseSpecificationImpl.groovy:135)
at io.restassured.internal.ValidatableResponseOptionsImpl.statusCode(ValidatableResponseOptionsImpl.java:89)
at io.restassured.internal.ValidatableResponseImpl.super$2$statusCode(ValidatableResponseImpl.groovy)
at java.base/jdk.internal.reflect.DirectMethodHandleAccessor.invoke(DirectMethodHandleAccessor.java:104)
at java.base/java.lang.reflect.Method.invoke(Method.java:578)
at org.codehaus.groovy.reflection.CachedMethod.invoke(CachedMethod.java:107)
at groovy.lang.MetaMethod.doMethodInvoke(MetaMethod.java:323)
at groovy.lang.MetaClassImpl.invokeMethod(MetaClassImpl.java:1268)
at org.codehaus.groovy.runtime.ScriptBytecodeAdapter.invokeMethodOnSuperN(ScriptBytecodeAdapter.java:144)
at io.restassured.internal.ValidatableResponseImpl.statusCode(ValidatableResponseImpl.groovy:142)
at io.restassured.internal.ValidatableResponseImpl.statusCode(ValidatableResponseImpl.groovy)
at com.dt.api.Auth.Auth_PropertyViewer.testUpdateUD_PV(Auth_PropertyViewer.java:188)
at java.base/jdk.internal.reflect.DirectMethodHandleAccessor.invoke(DirectMethodHandleAccessor.java:104)
at java.base/java.lang.reflect.Method.invoke(Method.java:578)
at org.testng.internal.MethodInvocationHelper.invokeMethod(MethodInvocationHelper.java:133)
at org.testng.internal.TestInvoker.invokeMethod(TestInvoker.java:598)
at org.testng.internal.TestInvoker.invokeTestMethod(TestInvoker.java:173)
at org.testng.internal.MethodRunner.runInSequence(MethodRunner.java:46)
at org.testng.internal.TestInvoker$MethodInvocationAgent.invoke(TestInvoker.java:824)
at org.testng.internal.TestInvoker.invokeTestMethods(TestInvoker.java:146)
at org.testng.internal.TestMethodWorker.invokeTestMethods(TestMethodWorker.java:146)
at org.testng.internal.TestMethodWorker.run(TestMethodWorker.java:128)
at java.base/java.util.ArrayList.forEach(ArrayList.java:1511)
at org.testng.TestRunner.privateRun(TestRunner.java:794)
at org.testng.TestRunner.run(TestRunner.java:596)
at org.testng.SuiteRunner.runTest(SuiteRunner.java:377)
at org.testng.SuiteRunner.runSequentially(SuiteRunner.java:371)
at org.testng.SuiteRunner.privateRun(SuiteRunner.java:332)
at org.testng.SuiteRunner.run(SuiteRunner.java:276)
at org.testng.SuiteRunnerWorker.runSuite(SuiteRunnerWorker.java:53)
at org.testng.SuiteRunnerWorker.run(SuiteRunnerWorker.java:96)
at org.testng.TestNG.runSuitesSequentially(TestNG.java:1212)
at org.testng.TestNG.runSuitesLocally(TestNG.java:1134)
at org.testng.TestNG.runSuites(TestNG.java:1063)
at org.testng.TestNG.run(TestNG.java:1031)
at org.testng.remote.AbstractRemoteTestNG.run(AbstractRemoteTestNG.java:115)
at org.testng.remote.RemoteTestNG.initAndRun(RemoteTestNG.java:251)
at org.testng.remote.RemoteTestNG.main(RemoteTestNG.java:77)
]]>
    </failure>
  </testcase> <!-- testUpdateUD_PV -->
  <testcase classname="com.dt.api.Auth.Auth_PropertyViewer" name="viewGuestKey" time="0.0">
    <ignored/>
  </testcase> <!-- viewGuestKey -->
  <testcase classname="com.dt.api.Auth.Auth_PropertyViewer" name="testUpdateDevices" time="0.0">
    <ignored/>
  </testcase> <!-- testUpdateDevices -->
  <testcase classname="com.dt.api.Auth.Auth_PropertyViewer" name="testUpdateGuestDetails" time="0.0">
    <ignored/>
  </testcase> <!-- testUpdateGuestDetails -->
  <testcase classname="com.dt.api.Auth.Auth_PropertyViewer" name="testAddSmartthingAccount" time="0.0">
    <ignored/>
  </testcase> <!-- testAddSmartthingAccount -->
  <testcase classname="com.dt.api.Auth.Auth_PropertyViewer" name="testDeleteDevice" time="0.0">
    <ignored/>
  </testcase> <!-- testDeleteDevice -->
  <testcase classname="com.dt.api.Auth.Auth_PropertyViewer" name="testDeleteSmartthing" time="0.0">
    <ignored/>
  </testcase> <!-- testDeleteSmartthing -->
  <testcase classname="com.dt.api.Auth.Auth_PropertyViewer" name="testGetDevices" time="0.0">
    <ignored/>
  </testcase> <!-- testGetDevices -->
  <testcase classname="com.dt.api.Auth.Auth_PropertyViewer" name="testInvite_asPV" time="0.0">
    <ignored/>
  </testcase> <!-- testInvite_asPV -->
  <testcase classname="com.dt.api.Auth.Auth_PropertyViewer" name="testUpdateProperty" time="0.0">
    <ignored/>
  </testcase> <!-- testUpdateProperty -->
  <testcase classname="com.dt.api.Auth.Auth_PropertyViewer" name="testCreateGuestKey" time="0.0">
    <ignored/>
  </testcase> <!-- testCreateGuestKey -->
  <testcase classname="com.dt.api.Auth.Auth_PropertyViewer" name="testGetallusers" time="0.0">
    <ignored/>
  </testcase> <!-- testGetallusers -->
  <testcase classname="com.dt.api.Auth.Auth_PropertyViewer" name="regeneratekey" time="0.0">
    <ignored/>
  </testcase> <!-- regeneratekey -->
  <testcase classname="com.dt.api.Auth.Auth_PropertyViewer" name="viewStaffKey" time="0.0">
    <ignored/>
  </testcase> <!-- viewStaffKey -->
  <testcase classname="com.dt.api.Auth.Auth_PropertyViewer" name="testCreateProperty" time="0.0">
    <ignored/>
  </testcase> <!-- testCreateProperty -->
  <testcase classname="com.dt.api.Auth.Auth_PropertyViewer" name="testGetpropertydetails" time="0.0">
    <ignored/>
  </testcase> <!-- testGetpropertydetails -->
  <testcase classname="com.dt.api.Auth.Auth_PropertyViewer" name="testGetUserdetails" time="0.0">
    <ignored/>
  </testcase> <!-- testGetUserdetails -->
  <testcase classname="com.dt.api.Auth.Auth_PropertyViewer" name="testDeleteZone" time="0.0">
    <ignored/>
  </testcase> <!-- testDeleteZone -->
  <testcase classname="com.dt.api.Auth.Auth_PropertyViewer" name="testGET_SelfDetails_PV" time="0.0">
    <ignored/>
  </testcase> <!-- testGET_SelfDetails_PV -->
  <testcase classname="com.dt.api.Auth.Auth_PropertyViewer" name="testAddDevices" time="0.0">
    <ignored/>
  </testcase> <!-- testAddDevices -->
  <testcase classname="com.dt.api.Auth.Auth_PropertyViewer" name="testDeleteUser" time="0.0">
    <ignored/>
  </testcase> <!-- testDeleteUser -->
  <testcase classname="com.dt.api.Auth.Auth_PropertyViewer" name="testUpdateZone" time="0.0">
    <ignored/>
  </testcase> <!-- testUpdateZone -->
  <testcase classname="com.dt.api.Auth.Auth_PropertyViewer" name="testUpdatePAT" time="0.0">
    <ignored/>
  </testcase> <!-- testUpdatePAT -->
  <testcase classname="com.dt.api.Auth.Auth_PropertyViewer" name="testDeleteGuestKey" time="0.0">
    <ignored/>
  </testcase> <!-- testDeleteGuestKey -->
  <testcase classname="com.dt.api.Auth.Auth_PropertyViewer" name="testCreateStaffKey" time="0.0">
    <ignored/>
  </testcase> <!-- testCreateStaffKey -->
  <testcase classname="com.dt.api.Auth.Auth_PropertyViewer" name="UpdateUserRole_PV" time="0.0">
    <ignored/>
  </testcase> <!-- UpdateUserRole_PV -->
  <testcase classname="com.dt.api.Auth.Auth_PropertyViewer" name="testResendStaffkeycode" time="0.0">
    <ignored/>
  </testcase> <!-- testResendStaffkeycode -->
  <testcase classname="com.dt.api.Auth.Auth_PropertyViewer" name="testAddZone" time="0.0">
    <ignored/>
  </testcase> <!-- testAddZone -->
  <testcase classname="com.dt.api.Auth.Auth_PropertyViewer" name="testResendkeycode" time="0.0">
    <ignored/>
  </testcase> <!-- testResendkeycode -->
  <testcase classname="com.dt.api.Auth.Auth_PropertyViewer" name="testGetZones" time="0.0">
    <ignored/>
  </testcase> <!-- testGetZones -->
  <testcase classname="com.dt.api.Auth.Auth_PropertyViewer" name="testViewSmartthingDetails" time="0.0">
    <ignored/>
  </testcase> <!-- testViewSmartthingDetails -->
  <testcase classname="com.dt.api.Auth.Auth_PropertyViewer" name="testPUTEditSelf" time="0.0">
    <ignored/>
  </testcase> <!-- testPUTEditSelf -->
  <testcase classname="com.dt.api.Auth.Auth_PropertyViewer" name="testDeleteStaffKey" time="0.0">
    <ignored/>
  </testcase> <!-- testDeleteStaffKey -->
</testsuite> <!-- Default test -->
