<?xml version="1.0" encoding="UTF-8"?>
<testng-results ignored="0" total="1" passed="1" failed="0" skipped="0">
  <reporter-output>
  </reporter-output>
  <suite started-at="2022-10-19T11:38:43 IST" name="Default suite" finished-at="2022-10-19T11:38:48 IST" duration-ms="4784">
    <groups>
    </groups>
    <test started-at="2022-10-19T11:38:43 IST" name="Default test" finished-at="2022-10-19T11:38:48 IST" duration-ms="4784">
      <class name="com.dt.api.session.testPOST_Session">
        <test-method is-config="true" signature="init()[pri:0, instance:com.dt.api.session.testPOST_Session@243c4f91]" started-at="2022-10-19T11:38:43 IST" name="init" finished-at="2022-10-19T11:38:44 IST" duration-ms="589" status="PASS">
          <reporter-output>
          </reporter-output>
        </test-method> <!-- init -->
        <test-method signature="testPost()[pri:0, instance:com.dt.api.session.testPOST_Session@243c4f91]" started-at="2022-10-19T11:38:44 IST" name="testPost" finished-at="2022-10-19T11:38:48 IST" duration-ms="4160" status="PASS">
          <reporter-output>
          </reporter-output>
        </test-method> <!-- testPost -->
      </class> <!-- com.dt.api.session.testPOST_Session -->
    </test> <!-- Default test -->
  </suite> <!-- Default suite -->
</testng-results>
