<?xml version="1.0" encoding="UTF-8"?>
<testng-results ignored="0" total="1" passed="1" failed="0" skipped="0">
  <reporter-output>
  </reporter-output>
  <suite started-at="2022-10-17T15:47:48 IST" name="Default suite" finished-at="2022-10-17T15:47:51 IST" duration-ms="3008">
    <groups>
    </groups>
    <test started-at="2022-10-17T15:47:48 IST" name="Default test" finished-at="2022-10-17T15:47:51 IST" duration-ms="3008">
      <class name="com.dt.api.session.testPOST_Session">
        <test-method is-config="true" signature="init()[pri:0, instance:com.dt.api.session.testPOST_Session@470f1802]" started-at="2022-10-17T15:47:48 IST" name="init" finished-at="2022-10-17T15:47:48 IST" duration-ms="409" status="PASS">
          <reporter-output>
          </reporter-output>
        </test-method> <!-- init -->
        <test-method signature="testPost()[pri:0, instance:com.dt.api.session.testPOST_Session@470f1802]" started-at="2022-10-17T15:47:48 IST" name="testPost" finished-at="2022-10-17T15:47:51 IST" duration-ms="2574" status="PASS">
          <reporter-output>
          </reporter-output>
        </test-method> <!-- testPost -->
      </class> <!-- com.dt.api.session.testPOST_Session -->
    </test> <!-- Default test -->
  </suite> <!-- Default suite -->
</testng-results>
