<?xml version="1.0" encoding="UTF-8"?>
<testng-results ignored="0" total="1" passed="1" failed="0" skipped="0">
  <reporter-output>
  </reporter-output>
  <suite started-at="2022-10-17T12:45:08 IST" name="Default suite" finished-at="2022-10-17T12:45:11 IST" duration-ms="2937">
    <groups>
    </groups>
    <test started-at="2022-10-17T12:45:08 IST" name="Default test" finished-at="2022-10-17T12:45:11 IST" duration-ms="2937">
      <class name="com.dt.api.session.testPOST_Session">
        <test-method signature="testPost()[pri:0, instance:com.dt.api.session.testPOST_Session@4b5a5ed1]" started-at="2022-10-17T12:45:08 IST" name="testPost" finished-at="2022-10-17T12:45:11 IST" duration-ms="2912" status="PASS">
          <reporter-output>
          </reporter-output>
        </test-method> <!-- testPost -->
      </class> <!-- com.dt.api.session.testPOST_Session -->
    </test> <!-- Default test -->
  </suite> <!-- Default suite -->
</testng-results>
