<?xml version="1.0" encoding="UTF-8"?>
<testng-results ignored="0" total="1" passed="1" failed="0" skipped="0">
  <reporter-output>
  </reporter-output>
  <suite started-at="2022-10-17T17:46:26 IST" name="Default suite" finished-at="2022-10-17T17:46:28 IST" duration-ms="2550">
    <groups>
    </groups>
    <test started-at="2022-10-17T17:46:26 IST" name="Default test" finished-at="2022-10-17T17:46:28 IST" duration-ms="2550">
      <class name="com.dt.api.users.post.testPOST_ForgetPassword">
        <test-method signature="testPost()[pri:0, instance:com.dt.api.users.post.testPOST_ForgetPassword@4b5a5ed1]" started-at="2022-10-17T17:46:26 IST" name="testPost" finished-at="2022-10-17T17:46:28 IST" duration-ms="2522" status="PASS">
          <reporter-output>
          </reporter-output>
        </test-method> <!-- testPost -->
      </class> <!-- com.dt.api.users.post.testPOST_ForgetPassword -->
    </test> <!-- Default test -->
  </suite> <!-- Default suite -->
</testng-results>
